<?xml version="1.0" encoding="UTF-8"?>
<testsuite xmlns:xsi="http://www.w3.org/2001/XMLSchema-instance" xsi:noNamespaceSchemaLocation="https://maven.apache.org/surefire/maven-surefire-plugin/xsd/surefire-test-report.xsd" name="TestSuite" time="170.102" tests="2" errors="0" skipped="0" failures="0">
  <properties>
[...]
</properties>
  <testcase name="CreateTestTrip" classname="ZipgoBeta.CreateTrip.CreateTrip" time="164.878"/>
  <testcase name="sendMail" classname="ZipgoBeta.CreateTrip.CreateTrip" time="4.399"/>
</testsuite>