<?xml version="1.0" encoding="UTF-8"?>
<testng-results ignored="0" total="2" passed="2" failed="0" skipped="0">
  <reporter-output>
  </reporter-output>
  <suite started-at="2019-02-23T03:46:08Z" name="Suite" finished-at="2019-02-23T03:49:18Z" duration-ms="190213">
    <groups>
    </groups>
    <test started-at="2019-02-23T03:46:08Z" name="Test" finished-at="2019-02-23T03:49:18Z" duration-ms="190213">
      <class name="ZipgoBeta.CreateTrip.CreateTrip">
        <test-method signature="CreateTestTrip()[pri:1, instance:ZipgoBeta.CreateTrip.CreateTrip@7c6908d7]" started-at="2019-02-23T09:16:08Z" name="CreateTestTrip" finished-at="2019-02-23T09:19:12Z" duration-ms="184868" status="PASS">
          <reporter-output>
          </reporter-output>
        </test-method> <!-- CreateTestTrip -->
        <test-method signature="sendMail()[pri:2, instance:ZipgoBeta.CreateTrip.CreateTrip@7c6908d7]" started-at="2019-02-23T09:19:12Z" name="sendMail" finished-at="2019-02-23T09:19:18Z" duration-ms="5310" status="PASS">
          <reporter-output>
          </reporter-output>
        </test-method> <!-- sendMail -->
      </class> <!-- ZipgoBeta.CreateTrip.CreateTrip -->
    </test> <!-- Test -->
  </suite> <!-- Suite -->
</testng-results>
