<?xml version="1.0" encoding="UTF-8"?>
<!-- Generated by org.testng.reporters.JUnitXMLReporter -->
<testsuite hostname="Prashant-MacBook-Pro-2.local" ignored="0" name="TripCreate" tests="3" failures="0" timestamp="19 Apr 2018 03:28:21 GMT" time="182.619" errors="0">
  <testcase name="testApp" time="0.059" classname="ZipgoBeta.CreateTrip.AppTest"/>
  <testcase name="CreateTestTrip" time="177.492" classname="ZipgoBeta.CreateTrip.CreateTrip"/>
  <testcase name="sendMail" time="4.994" classname="ZipgoBeta.CreateTrip.CreateTrip"/>
</testsuite> <!-- TripCreate -->
