<?xml version="1.0" encoding="UTF-8"?>
<testng-results ignored="0" total="2" passed="2" failed="0" skipped="0">
  <reporter-output>
  </reporter-output>
  <suite started-at="2019-02-21T03:59:56Z" name="Default suite" finished-at="2019-02-21T04:03:11Z" duration-ms="194973">
    <groups>
    </groups>
    <test started-at="2019-02-21T03:59:56Z" name="Default test" finished-at="2019-02-21T04:03:11Z" duration-ms="194973">
      <class name="ZipgoBeta.CreateTrip.CreateTrip">
        <test-method signature="CreateTestTrip()[pri:1, instance:ZipgoBeta.CreateTrip.CreateTrip@1649b0e6]" started-at="2019-02-21T09:29:56Z" name="CreateTestTrip" finished-at="2019-02-21T09:33:05Z" duration-ms="188197" status="PASS">
          <reporter-output>
          </reporter-output>
        </test-method> <!-- CreateTestTrip -->
        <test-method signature="sendMail()[pri:2, instance:ZipgoBeta.CreateTrip.CreateTrip@1649b0e6]" started-at="2019-02-21T09:33:05Z" name="sendMail" finished-at="2019-02-21T09:33:11Z" duration-ms="6728" status="PASS">
          <reporter-output>
          </reporter-output>
        </test-method> <!-- sendMail -->
      </class> <!-- ZipgoBeta.CreateTrip.CreateTrip -->
    </test> <!-- Default test -->
  </suite> <!-- Default suite -->
</testng-results>
